C:\USERS\ADMINISTRATOR\DESKTOP\9.29国庆前拷贝\6 9.18双缓冲绘图 成功打开文件 - 副本\DEBUG\周经理绘图.EXE
C:\USERS\ADMINISTRATOR\DESKTOP\9.29国庆前拷贝\6 9.18双缓冲绘图 成功打开文件 - 副本\DEBUG\周经理绘图.ILK
C:\USERS\ADMINISTRATOR\DESKTOP\9.29国庆前拷贝\6 9.18双缓冲绘图 成功打开文件 - 副本\DEBUG\周经理绘图.PDB
C:\USERS\ADMINISTRATOR\DESKTOP\9.29国庆前拷贝\6 9.18双缓冲绘图 成功打开文件 - 副本\周经理绘图\DEBUG\DRAWLIST.OBJ
C:\USERS\ADMINISTRATOR\DESKTOP\9.29国庆前拷贝\6 9.18双缓冲绘图 成功打开文件 - 副本\周经理绘图\DEBUG\SETDLG.OBJ
C:\USERS\ADMINISTRATOR\DESKTOP\9.29国庆前拷贝\6 9.18双缓冲绘图 成功打开文件 - 副本\周经理绘图\DEBUG\STDAFX.OBJ
C:\USERS\ADMINISTRATOR\DESKTOP\9.29国庆前拷贝\6 9.18双缓冲绘图 成功打开文件 - 副本\周经理绘图\DEBUG\VC100.PDB
C:\USERS\ADMINISTRATOR\DESKTOP\9.29国庆前拷贝\6 9.18双缓冲绘图 成功打开文件 - 副本\周经理绘图\DEBUG\周经理绘图.EXE.EMBED.MANIFEST.RES
C:\USERS\ADMINISTRATOR\DESKTOP\9.29国庆前拷贝\6 9.18双缓冲绘图 成功打开文件 - 副本\周经理绘图\DEBUG\周经理绘图.EXE.INTERMEDIATE.MANIFEST
C:\USERS\ADMINISTRATOR\DESKTOP\9.29国庆前拷贝\6 9.18双缓冲绘图 成功打开文件 - 副本\周经理绘图\DEBUG\周经理绘图.OBJ
C:\USERS\ADMINISTRATOR\DESKTOP\9.29国庆前拷贝\6 9.18双缓冲绘图 成功打开文件 - 副本\周经理绘图\DEBUG\周经理绘图.PCH
C:\USERS\ADMINISTRATOR\DESKTOP\9.29国庆前拷贝\6 9.18双缓冲绘图 成功打开文件 - 副本\周经理绘图\DEBUG\周经理绘图.RES
C:\USERS\ADMINISTRATOR\DESKTOP\9.29国庆前拷贝\6 9.18双缓冲绘图 成功打开文件 - 副本\周经理绘图\DEBUG\周经理绘图DLG.OBJ
F:\MFC学习\绘图通信训练过程\10.08国庆后拷贝\10.11串行化类\DEBUG\周经理绘图.EXE
F:\MFC学习\绘图通信训练过程\10.08国庆后拷贝\10.11串行化类\DEBUG\周经理绘图.ILK
F:\MFC学习\绘图通信训练过程\10.08国庆后拷贝\10.11串行化类\DEBUG\周经理绘图.PDB
F:\MFC学习\绘图通信训练过程\10.08国庆后拷贝\10.11串行化类\周经理绘图\DEBUG\DRAWLIST.OBJ
F:\MFC学习\绘图通信训练过程\10.08国庆后拷贝\10.11串行化类\周经理绘图\DEBUG\READLISTCLASS.OBJ
F:\MFC学习\绘图通信训练过程\10.08国庆后拷贝\10.11串行化类\周经理绘图\DEBUG\SETDLG.OBJ
F:\MFC学习\绘图通信训练过程\10.08国庆后拷贝\10.11串行化类\周经理绘图\DEBUG\STDAFX.OBJ
F:\MFC学习\绘图通信训练过程\10.08国庆后拷贝\10.11串行化类\周经理绘图\DEBUG\VC100.PDB
F:\MFC学习\绘图通信训练过程\10.08国庆后拷贝\10.11串行化类\周经理绘图\DEBUG\周经理绘图.EXE.EMBED.MANIFEST.RES
F:\MFC学习\绘图通信训练过程\10.08国庆后拷贝\10.11串行化类\周经理绘图\DEBUG\周经理绘图.EXE.INTERMEDIATE.MANIFEST
F:\MFC学习\绘图通信训练过程\10.08国庆后拷贝\10.11串行化类\周经理绘图\DEBUG\周经理绘图.OBJ
F:\MFC学习\绘图通信训练过程\10.08国庆后拷贝\10.11串行化类\周经理绘图\DEBUG\周经理绘图.PCH
F:\MFC学习\绘图通信训练过程\10.08国庆后拷贝\10.11串行化类\周经理绘图\DEBUG\周经理绘图.RES
F:\MFC学习\绘图通信训练过程\10.08国庆后拷贝\10.11串行化类\周经理绘图\DEBUG\周经理绘图DLG.OBJ
F:\MFC学习\绘图通信训练过程\10.08国庆后拷贝\10.13READ另开一个类\DEBUG\周经理绘图.EXE
F:\MFC学习\绘图通信训练过程\10.08国庆后拷贝\10.13READ另开一个类\DEBUG\周经理绘图.ILK
F:\MFC学习\绘图通信训练过程\10.08国庆后拷贝\10.13READ另开一个类\DEBUG\周经理绘图.PDB
F:\MFC学习\绘图通信训练过程\10.08国庆后拷贝\10.13READ另开一个类\周经理绘图\DEBUG\DRAWLIST.OBJ
F:\MFC学习\绘图通信训练过程\10.08国庆后拷贝\10.13READ另开一个类\周经理绘图\DEBUG\READLISTCLASS.OBJ
F:\MFC学习\绘图通信训练过程\10.08国庆后拷贝\10.13READ另开一个类\周经理绘图\DEBUG\SETDLG.OBJ
F:\MFC学习\绘图通信训练过程\10.08国庆后拷贝\10.13READ另开一个类\周经理绘图\DEBUG\STDAFX.OBJ
F:\MFC学习\绘图通信训练过程\10.08国庆后拷贝\10.13READ另开一个类\周经理绘图\DEBUG\VC100.PDB
F:\MFC学习\绘图通信训练过程\10.08国庆后拷贝\10.13READ另开一个类\周经理绘图\DEBUG\周经理绘图.EXE.EMBED.MANIFEST.RES
F:\MFC学习\绘图通信训练过程\10.08国庆后拷贝\10.13READ另开一个类\周经理绘图\DEBUG\周经理绘图.EXE.INTERMEDIATE.MANIFEST
F:\MFC学习\绘图通信训练过程\10.08国庆后拷贝\10.13READ另开一个类\周经理绘图\DEBUG\周经理绘图.OBJ
F:\MFC学习\绘图通信训练过程\10.08国庆后拷贝\10.13READ另开一个类\周经理绘图\DEBUG\周经理绘图.PCH
F:\MFC学习\绘图通信训练过程\10.08国庆后拷贝\10.13READ另开一个类\周经理绘图\DEBUG\周经理绘图.RES
F:\MFC学习\绘图通信训练过程\10.08国庆后拷贝\10.13READ另开一个类\周经理绘图\DEBUG\周经理绘图DLG.OBJ
F:\MFC学习\绘图通信训练过程\10.08国庆后拷贝\10.142读写成功且能显示 FTPSEND - 副本 (2)\DEBUG\周经理绘图.EXE
F:\MFC学习\绘图通信训练过程\10.08国庆后拷贝\10.142读写成功且能显示 FTPSEND - 副本 (2)\DEBUG\周经理绘图.ILK
F:\MFC学习\绘图通信训练过程\10.08国庆后拷贝\10.142读写成功且能显示 FTPSEND - 副本 (2)\DEBUG\周经理绘图.PDB
F:\MFC学习\绘图通信训练过程\10.08国庆后拷贝\10.142读写成功且能显示 FTPSEND - 副本 (2)\周经理绘图\DEBUG\DRAWLIST.OBJ
F:\MFC学习\绘图通信训练过程\10.08国庆后拷贝\10.142读写成功且能显示 FTPSEND - 副本 (2)\周经理绘图\DEBUG\READLISTCLASS.OBJ
F:\MFC学习\绘图通信训练过程\10.08国庆后拷贝\10.142读写成功且能显示 FTPSEND - 副本 (2)\周经理绘图\DEBUG\SETDLG.OBJ
F:\MFC学习\绘图通信训练过程\10.08国庆后拷贝\10.142读写成功且能显示 FTPSEND - 副本 (2)\周经理绘图\DEBUG\STDAFX.OBJ
F:\MFC学习\绘图通信训练过程\10.08国庆后拷贝\10.142读写成功且能显示 FTPSEND - 副本 (2)\周经理绘图\DEBUG\VC100.PDB
F:\MFC学习\绘图通信训练过程\10.08国庆后拷贝\10.142读写成功且能显示 FTPSEND - 副本 (2)\周经理绘图\DEBUG\周经理绘图.EXE.EMBED.MANIFEST.RES
F:\MFC学习\绘图通信训练过程\10.08国庆后拷贝\10.142读写成功且能显示 FTPSEND - 副本 (2)\周经理绘图\DEBUG\周经理绘图.EXE.INTERMEDIATE.MANIFEST
F:\MFC学习\绘图通信训练过程\10.08国庆后拷贝\10.142读写成功且能显示 FTPSEND - 副本 (2)\周经理绘图\DEBUG\周经理绘图.OBJ
F:\MFC学习\绘图通信训练过程\10.08国庆后拷贝\10.142读写成功且能显示 FTPSEND - 副本 (2)\周经理绘图\DEBUG\周经理绘图.PCH
F:\MFC学习\绘图通信训练过程\10.08国庆后拷贝\10.142读写成功且能显示 FTPSEND - 副本 (2)\周经理绘图\DEBUG\周经理绘图.RES
F:\MFC学习\绘图通信训练过程\10.08国庆后拷贝\10.142读写成功且能显示 FTPSEND - 副本 (2)\周经理绘图\DEBUG\周经理绘图DLG.OBJ
F:\MFC学习\绘图通信训练过程\10.08国庆后拷贝\10.14读写成功且能显示 - 副本\DEBUG\周经理绘图.EXE
F:\MFC学习\绘图通信训练过程\10.08国庆后拷贝\10.14读写成功且能显示 - 副本\DEBUG\周经理绘图.ILK
F:\MFC学习\绘图通信训练过程\10.08国庆后拷贝\10.14读写成功且能显示 - 副本\DEBUG\周经理绘图.PDB
F:\MFC学习\绘图通信训练过程\10.08国庆后拷贝\10.14读写成功且能显示 - 副本\周经理绘图\DEBUG\DRAWLIST.OBJ
F:\MFC学习\绘图通信训练过程\10.08国庆后拷贝\10.14读写成功且能显示 - 副本\周经理绘图\DEBUG\READLISTCLASS.OBJ
F:\MFC学习\绘图通信训练过程\10.08国庆后拷贝\10.14读写成功且能显示 - 副本\周经理绘图\DEBUG\SETDLG.OBJ
F:\MFC学习\绘图通信训练过程\10.08国庆后拷贝\10.14读写成功且能显示 - 副本\周经理绘图\DEBUG\STDAFX.OBJ
F:\MFC学习\绘图通信训练过程\10.08国庆后拷贝\10.14读写成功且能显示 - 副本\周经理绘图\DEBUG\VC100.PDB
F:\MFC学习\绘图通信训练过程\10.08国庆后拷贝\10.14读写成功且能显示 - 副本\周经理绘图\DEBUG\周经理绘图.EXE.EMBED.MANIFEST.RES
F:\MFC学习\绘图通信训练过程\10.08国庆后拷贝\10.14读写成功且能显示 - 副本\周经理绘图\DEBUG\周经理绘图.EXE.INTERMEDIATE.MANIFEST
F:\MFC学习\绘图通信训练过程\10.08国庆后拷贝\10.14读写成功且能显示 - 副本\周经理绘图\DEBUG\周经理绘图.OBJ
F:\MFC学习\绘图通信训练过程\10.08国庆后拷贝\10.14读写成功且能显示 - 副本\周经理绘图\DEBUG\周经理绘图.PCH
F:\MFC学习\绘图通信训练过程\10.08国庆后拷贝\10.14读写成功且能显示 - 副本\周经理绘图\DEBUG\周经理绘图.RES
F:\MFC学习\绘图通信训练过程\10.08国庆后拷贝\10.14读写成功且能显示 - 副本\周经理绘图\DEBUG\周经理绘图DLG.OBJ
F:\MFC学习\绘图通信训练过程\10.08国庆后拷贝\10.14读写成功且能显示 FTPSEND\DEBUG\周经理绘图.EXE
F:\MFC学习\绘图通信训练过程\10.08国庆后拷贝\10.14读写成功且能显示 FTPSEND\DEBUG\周经理绘图.ILK
F:\MFC学习\绘图通信训练过程\10.08国庆后拷贝\10.14读写成功且能显示 FTPSEND\DEBUG\周经理绘图.PDB
F:\MFC学习\绘图通信训练过程\10.08国庆后拷贝\10.14读写成功且能显示 FTPSEND\周经理绘图\DEBUG\DRAWLIST.OBJ
F:\MFC学习\绘图通信训练过程\10.08国庆后拷贝\10.14读写成功且能显示 FTPSEND\周经理绘图\DEBUG\READLISTCLASS.OBJ
F:\MFC学习\绘图通信训练过程\10.08国庆后拷贝\10.14读写成功且能显示 FTPSEND\周经理绘图\DEBUG\SETDLG.OBJ
F:\MFC学习\绘图通信训练过程\10.08国庆后拷贝\10.14读写成功且能显示 FTPSEND\周经理绘图\DEBUG\STDAFX.OBJ
F:\MFC学习\绘图通信训练过程\10.08国庆后拷贝\10.14读写成功且能显示 FTPSEND\周经理绘图\DEBUG\VC100.PDB
F:\MFC学习\绘图通信训练过程\10.08国庆后拷贝\10.14读写成功且能显示 FTPSEND\周经理绘图\DEBUG\周经理绘图.EXE.EMBED.MANIFEST.RES
F:\MFC学习\绘图通信训练过程\10.08国庆后拷贝\10.14读写成功且能显示 FTPSEND\周经理绘图\DEBUG\周经理绘图.EXE.INTERMEDIATE.MANIFEST
F:\MFC学习\绘图通信训练过程\10.08国庆后拷贝\10.14读写成功且能显示 FTPSEND\周经理绘图\DEBUG\周经理绘图.OBJ
F:\MFC学习\绘图通信训练过程\10.08国庆后拷贝\10.14读写成功且能显示 FTPSEND\周经理绘图\DEBUG\周经理绘图.PCH
F:\MFC学习\绘图通信训练过程\10.08国庆后拷贝\10.14读写成功且能显示 FTPSEND\周经理绘图\DEBUG\周经理绘图.RES
F:\MFC学习\绘图通信训练过程\10.08国庆后拷贝\10.14读写成功且能显示 FTPSEND\周经理绘图\DEBUG\周经理绘图DLG.OBJ
F:\MFC学习\绘图通信训练过程\10.08国庆后拷贝\6 9.18双缓冲绘图 成功打开文件 - 副本\DEBUG\周经理绘图.EXE
F:\MFC学习\绘图通信训练过程\10.08国庆后拷贝\6 9.18双缓冲绘图 成功打开文件 - 副本\DEBUG\周经理绘图.ILK
F:\MFC学习\绘图通信训练过程\10.08国庆后拷贝\6 9.18双缓冲绘图 成功打开文件 - 副本\DEBUG\周经理绘图.PDB
F:\MFC学习\绘图通信训练过程\10.08国庆后拷贝\6 9.18双缓冲绘图 成功打开文件 - 副本\周经理绘图\DEBUG\DRAWLIST.OBJ
F:\MFC学习\绘图通信训练过程\10.08国庆后拷贝\6 9.18双缓冲绘图 成功打开文件 - 副本\周经理绘图\DEBUG\SETDLG.OBJ
F:\MFC学习\绘图通信训练过程\10.08国庆后拷贝\6 9.18双缓冲绘图 成功打开文件 - 副本\周经理绘图\DEBUG\STDAFX.OBJ
F:\MFC学习\绘图通信训练过程\10.08国庆后拷贝\6 9.18双缓冲绘图 成功打开文件 - 副本\周经理绘图\DEBUG\VC100.PDB
F:\MFC学习\绘图通信训练过程\10.08国庆后拷贝\6 9.18双缓冲绘图 成功打开文件 - 副本\周经理绘图\DEBUG\周经理绘图.EXE.EMBED.MANIFEST.RES
F:\MFC学习\绘图通信训练过程\10.08国庆后拷贝\6 9.18双缓冲绘图 成功打开文件 - 副本\周经理绘图\DEBUG\周经理绘图.EXE.INTERMEDIATE.MANIFEST
F:\MFC学习\绘图通信训练过程\10.08国庆后拷贝\6 9.18双缓冲绘图 成功打开文件 - 副本\周经理绘图\DEBUG\周经理绘图.OBJ
F:\MFC学习\绘图通信训练过程\10.08国庆后拷贝\6 9.18双缓冲绘图 成功打开文件 - 副本\周经理绘图\DEBUG\周经理绘图.PCH
F:\MFC学习\绘图通信训练过程\10.08国庆后拷贝\6 9.18双缓冲绘图 成功打开文件 - 副本\周经理绘图\DEBUG\周经理绘图.RES
F:\MFC学习\绘图通信训练过程\10.08国庆后拷贝\6 9.18双缓冲绘图 成功打开文件 - 副本\周经理绘图\DEBUG\周经理绘图DLG.OBJ
F:\MFC学习\绘图通信训练过程\9.16\1 9.18双缓冲绘图 打开文件 - 副本 - 副本\DEBUG\周经理绘图.EXE
F:\MFC学习\绘图通信训练过程\9.16\1 9.18双缓冲绘图 打开文件 - 副本 - 副本\DEBUG\周经理绘图.ILK
F:\MFC学习\绘图通信训练过程\9.16\1 9.18双缓冲绘图 打开文件 - 副本 - 副本\DEBUG\周经理绘图.PDB
F:\MFC学习\绘图通信训练过程\9.16\1 9.18双缓冲绘图 打开文件 - 副本 - 副本\周经理绘图\DEBUG\SETDLG.OBJ
F:\MFC学习\绘图通信训练过程\9.16\1 9.18双缓冲绘图 打开文件 - 副本 - 副本\周经理绘图\DEBUG\STDAFX.OBJ
F:\MFC学习\绘图通信训练过程\9.16\1 9.18双缓冲绘图 打开文件 - 副本 - 副本\周经理绘图\DEBUG\VC100.PDB
F:\MFC学习\绘图通信训练过程\9.16\1 9.18双缓冲绘图 打开文件 - 副本 - 副本\周经理绘图\DEBUG\周经理绘图.EXE.EMBED.MANIFEST
F:\MFC学习\绘图通信训练过程\9.16\1 9.18双缓冲绘图 打开文件 - 副本 - 副本\周经理绘图\DEBUG\周经理绘图.EXE.EMBED.MANIFEST.RES
F:\MFC学习\绘图通信训练过程\9.16\1 9.18双缓冲绘图 打开文件 - 副本 - 副本\周经理绘图\DEBUG\周经理绘图.EXE.INTERMEDIATE.MANIFEST
F:\MFC学习\绘图通信训练过程\9.16\1 9.18双缓冲绘图 打开文件 - 副本 - 副本\周经理绘图\DEBUG\周经理绘图.OBJ
F:\MFC学习\绘图通信训练过程\9.16\1 9.18双缓冲绘图 打开文件 - 副本 - 副本\周经理绘图\DEBUG\周经理绘图.PCH
F:\MFC学习\绘图通信训练过程\9.16\1 9.18双缓冲绘图 打开文件 - 副本 - 副本\周经理绘图\DEBUG\周经理绘图.RES
F:\MFC学习\绘图通信训练过程\9.16\1 9.18双缓冲绘图 打开文件 - 副本 - 副本\周经理绘图\DEBUG\周经理绘图DLG.OBJ
F:\MFC学习\绘图通信训练过程\9.18\2 9.18双缓冲绘图 成功打开文件 - 副本\DEBUG\周经理绘图.EXE
F:\MFC学习\绘图通信训练过程\9.18\2 9.18双缓冲绘图 成功打开文件 - 副本\DEBUG\周经理绘图.ILK
F:\MFC学习\绘图通信训练过程\9.18\2 9.18双缓冲绘图 成功打开文件 - 副本\DEBUG\周经理绘图.PDB
F:\MFC学习\绘图通信训练过程\9.18\2 9.18双缓冲绘图 成功打开文件 - 副本\周经理绘图\DEBUG\SETDLG.OBJ
F:\MFC学习\绘图通信训练过程\9.18\2 9.18双缓冲绘图 成功打开文件 - 副本\周经理绘图\DEBUG\STDAFX.OBJ
F:\MFC学习\绘图通信训练过程\9.18\2 9.18双缓冲绘图 成功打开文件 - 副本\周经理绘图\DEBUG\VC100.PDB
F:\MFC学习\绘图通信训练过程\9.18\2 9.18双缓冲绘图 成功打开文件 - 副本\周经理绘图\DEBUG\周经理绘图.EXE.EMBED.MANIFEST.RES
F:\MFC学习\绘图通信训练过程\9.18\2 9.18双缓冲绘图 成功打开文件 - 副本\周经理绘图\DEBUG\周经理绘图.EXE.INTERMEDIATE.MANIFEST
F:\MFC学习\绘图通信训练过程\9.18\2 9.18双缓冲绘图 成功打开文件 - 副本\周经理绘图\DEBUG\周经理绘图.OBJ
F:\MFC学习\绘图通信训练过程\9.18\2 9.18双缓冲绘图 成功打开文件 - 副本\周经理绘图\DEBUG\周经理绘图.PCH
F:\MFC学习\绘图通信训练过程\9.18\2 9.18双缓冲绘图 成功打开文件 - 副本\周经理绘图\DEBUG\周经理绘图.RES
F:\MFC学习\绘图通信训练过程\9.18\2 9.18双缓冲绘图 成功打开文件 - 副本\周经理绘图\DEBUG\周经理绘图DLG.OBJ
F:\MFC学习\绘图通信训练过程\9.18\3 9.18双缓冲绘图 成功打开文件 - 副本 - 副本\DEBUG\周经理绘图.EXE
F:\MFC学习\绘图通信训练过程\9.18\3 9.18双缓冲绘图 成功打开文件 - 副本 - 副本\DEBUG\周经理绘图.ILK
F:\MFC学习\绘图通信训练过程\9.18\3 9.18双缓冲绘图 成功打开文件 - 副本 - 副本\DEBUG\周经理绘图.PDB
F:\MFC学习\绘图通信训练过程\9.18\3 9.18双缓冲绘图 成功打开文件 - 副本 - 副本\周经理绘图\DEBUG\SETDLG.OBJ
F:\MFC学习\绘图通信训练过程\9.18\3 9.18双缓冲绘图 成功打开文件 - 副本 - 副本\周经理绘图\DEBUG\STDAFX.OBJ
F:\MFC学习\绘图通信训练过程\9.18\3 9.18双缓冲绘图 成功打开文件 - 副本 - 副本\周经理绘图\DEBUG\VC100.PDB
F:\MFC学习\绘图通信训练过程\9.18\3 9.18双缓冲绘图 成功打开文件 - 副本 - 副本\周经理绘图\DEBUG\周经理绘图.EXE.EMBED.MANIFEST.RES
F:\MFC学习\绘图通信训练过程\9.18\3 9.18双缓冲绘图 成功打开文件 - 副本 - 副本\周经理绘图\DEBUG\周经理绘图.EXE.INTERMEDIATE.MANIFEST
F:\MFC学习\绘图通信训练过程\9.18\3 9.18双缓冲绘图 成功打开文件 - 副本 - 副本\周经理绘图\DEBUG\周经理绘图.OBJ
F:\MFC学习\绘图通信训练过程\9.18\3 9.18双缓冲绘图 成功打开文件 - 副本 - 副本\周经理绘图\DEBUG\周经理绘图.PCH
F:\MFC学习\绘图通信训练过程\9.18\3 9.18双缓冲绘图 成功打开文件 - 副本 - 副本\周经理绘图\DEBUG\周经理绘图.RES
F:\MFC学习\绘图通信训练过程\9.18\3 9.18双缓冲绘图 成功打开文件 - 副本 - 副本\周经理绘图\DEBUG\周经理绘图DLG.OBJ
F:\MFC学习\绘图通信训练过程\9.18\4 9.18双缓冲绘图 成功打开文件 - 副本 - 副本 - 副本\DEBUG\周经理绘图.EXE
F:\MFC学习\绘图通信训练过程\9.18\4 9.18双缓冲绘图 成功打开文件 - 副本 - 副本 - 副本\DEBUG\周经理绘图.ILK
F:\MFC学习\绘图通信训练过程\9.18\4 9.18双缓冲绘图 成功打开文件 - 副本 - 副本 - 副本\DEBUG\周经理绘图.PDB
F:\MFC学习\绘图通信训练过程\9.18\4 9.18双缓冲绘图 成功打开文件 - 副本 - 副本 - 副本\周经理绘图\DEBUG\DRAWLIST.OBJ
F:\MFC学习\绘图通信训练过程\9.18\4 9.18双缓冲绘图 成功打开文件 - 副本 - 副本 - 副本\周经理绘图\DEBUG\SETDLG.OBJ
F:\MFC学习\绘图通信训练过程\9.18\4 9.18双缓冲绘图 成功打开文件 - 副本 - 副本 - 副本\周经理绘图\DEBUG\STDAFX.OBJ
F:\MFC学习\绘图通信训练过程\9.18\4 9.18双缓冲绘图 成功打开文件 - 副本 - 副本 - 副本\周经理绘图\DEBUG\VC100.PDB
F:\MFC学习\绘图通信训练过程\9.18\4 9.18双缓冲绘图 成功打开文件 - 副本 - 副本 - 副本\周经理绘图\DEBUG\周经理绘图.EXE.EMBED.MANIFEST.RES
F:\MFC学习\绘图通信训练过程\9.18\4 9.18双缓冲绘图 成功打开文件 - 副本 - 副本 - 副本\周经理绘图\DEBUG\周经理绘图.EXE.INTERMEDIATE.MANIFEST
F:\MFC学习\绘图通信训练过程\9.18\4 9.18双缓冲绘图 成功打开文件 - 副本 - 副本 - 副本\周经理绘图\DEBUG\周经理绘图.OBJ
F:\MFC学习\绘图通信训练过程\9.18\4 9.18双缓冲绘图 成功打开文件 - 副本 - 副本 - 副本\周经理绘图\DEBUG\周经理绘图.PCH
F:\MFC学习\绘图通信训练过程\9.18\4 9.18双缓冲绘图 成功打开文件 - 副本 - 副本 - 副本\周经理绘图\DEBUG\周经理绘图.RES
F:\MFC学习\绘图通信训练过程\9.18\4 9.18双缓冲绘图 成功打开文件 - 副本 - 副本 - 副本\周经理绘图\DEBUG\周经理绘图DLG.OBJ
F:\MFC学习\绘图通信训练过程\9.18\5 9.18双缓冲绘图 成功打开文件\DEBUG\周经理绘图.EXE
F:\MFC学习\绘图通信训练过程\9.18\5 9.18双缓冲绘图 成功打开文件\DEBUG\周经理绘图.ILK
F:\MFC学习\绘图通信训练过程\9.18\5 9.18双缓冲绘图 成功打开文件\DEBUG\周经理绘图.PDB
F:\MFC学习\绘图通信训练过程\9.18\5 9.18双缓冲绘图 成功打开文件\周经理绘图\DEBUG\DRAWLIST.OBJ
F:\MFC学习\绘图通信训练过程\9.18\5 9.18双缓冲绘图 成功打开文件\周经理绘图\DEBUG\SETDLG.OBJ
F:\MFC学习\绘图通信训练过程\9.18\5 9.18双缓冲绘图 成功打开文件\周经理绘图\DEBUG\STDAFX.OBJ
F:\MFC学习\绘图通信训练过程\9.18\5 9.18双缓冲绘图 成功打开文件\周经理绘图\DEBUG\VC100.PDB
F:\MFC学习\绘图通信训练过程\9.18\5 9.18双缓冲绘图 成功打开文件\周经理绘图\DEBUG\周经理绘图.EXE.EMBED.MANIFEST.RES
F:\MFC学习\绘图通信训练过程\9.18\5 9.18双缓冲绘图 成功打开文件\周经理绘图\DEBUG\周经理绘图.EXE.INTERMEDIATE.MANIFEST
F:\MFC学习\绘图通信训练过程\9.18\5 9.18双缓冲绘图 成功打开文件\周经理绘图\DEBUG\周经理绘图.OBJ
F:\MFC学习\绘图通信训练过程\9.18\5 9.18双缓冲绘图 成功打开文件\周经理绘图\DEBUG\周经理绘图.PCH
F:\MFC学习\绘图通信训练过程\9.18\5 9.18双缓冲绘图 成功打开文件\周经理绘图\DEBUG\周经理绘图.RES
F:\MFC学习\绘图通信训练过程\9.18\5 9.18双缓冲绘图 成功打开文件\周经理绘图\DEBUG\周经理绘图DLG.OBJ
F:\MFC学习\绘图通信训练过程\9.18\6 9.18双缓冲绘图 成功打开文件 - 副本\DEBUG\周经理绘图.EXE
F:\MFC学习\绘图通信训练过程\9.18\6 9.18双缓冲绘图 成功打开文件 - 副本\DEBUG\周经理绘图.ILK
F:\MFC学习\绘图通信训练过程\9.18\6 9.18双缓冲绘图 成功打开文件 - 副本\DEBUG\周经理绘图.PDB
F:\MFC学习\绘图通信训练过程\9.18\6 9.18双缓冲绘图 成功打开文件 - 副本\周经理绘图\DEBUG\DRAWLIST.OBJ
F:\MFC学习\绘图通信训练过程\9.18\6 9.18双缓冲绘图 成功打开文件 - 副本\周经理绘图\DEBUG\SETDLG.OBJ
F:\MFC学习\绘图通信训练过程\9.18\6 9.18双缓冲绘图 成功打开文件 - 副本\周经理绘图\DEBUG\STDAFX.OBJ
F:\MFC学习\绘图通信训练过程\9.18\6 9.18双缓冲绘图 成功打开文件 - 副本\周经理绘图\DEBUG\VC100.PDB
F:\MFC学习\绘图通信训练过程\9.18\6 9.18双缓冲绘图 成功打开文件 - 副本\周经理绘图\DEBUG\周经理绘图.EXE.EMBED.MANIFEST.RES
F:\MFC学习\绘图通信训练过程\9.18\6 9.18双缓冲绘图 成功打开文件 - 副本\周经理绘图\DEBUG\周经理绘图.EXE.INTERMEDIATE.MANIFEST
F:\MFC学习\绘图通信训练过程\9.18\6 9.18双缓冲绘图 成功打开文件 - 副本\周经理绘图\DEBUG\周经理绘图.OBJ
F:\MFC学习\绘图通信训练过程\9.18\6 9.18双缓冲绘图 成功打开文件 - 副本\周经理绘图\DEBUG\周经理绘图.PCH
F:\MFC学习\绘图通信训练过程\9.18\6 9.18双缓冲绘图 成功打开文件 - 副本\周经理绘图\DEBUG\周经理绘图.RES
F:\MFC学习\绘图通信训练过程\9.18\6 9.18双缓冲绘图 成功打开文件 - 副本\周经理绘图\DEBUG\周经理绘图DLG.OBJ
F:\MFC学习\最终完成、\10.142读写成功且能显示 FTPSEND - 副本 (2)\DEBUG\周经理绘图.EXE
F:\MFC学习\最终完成、\10.142读写成功且能显示 FTPSEND - 副本 (2)\DEBUG\周经理绘图.ILK
F:\MFC学习\最终完成、\10.142读写成功且能显示 FTPSEND - 副本 (2)\DEBUG\周经理绘图.PDB
F:\MFC学习\最终完成、\10.142读写成功且能显示 FTPSEND - 副本 (2)\周经理绘图\Debug\cl.command.1.tlog
F:\MFC学习\最终完成、\10.142读写成功且能显示 FTPSEND - 副本 (2)\周经理绘图\Debug\CL.read.1.tlog
F:\MFC学习\最终完成、\10.142读写成功且能显示 FTPSEND - 副本 (2)\周经理绘图\Debug\CL.write.1.tlog
F:\MFC学习\最终完成、\10.142读写成功且能显示 FTPSEND - 副本 (2)\周经理绘图\DEBUG\DRAWLIST.OBJ
F:\MFC学习\最终完成、\10.142读写成功且能显示 FTPSEND - 副本 (2)\周经理绘图\Debug\link.1220.read.1.tlog
F:\MFC学习\最终完成、\10.142读写成功且能显示 FTPSEND - 副本 (2)\周经理绘图\Debug\link.1220.write.1.tlog
F:\MFC学习\最终完成、\10.142读写成功且能显示 FTPSEND - 副本 (2)\周经理绘图\Debug\link.1220-cvtres.read.1.tlog
F:\MFC学习\最终完成、\10.142读写成功且能显示 FTPSEND - 副本 (2)\周经理绘图\Debug\link.1220-cvtres.write.1.tlog
F:\MFC学习\最终完成、\10.142读写成功且能显示 FTPSEND - 副本 (2)\周经理绘图\Debug\link.1596.read.1.tlog
F:\MFC学习\最终完成、\10.142读写成功且能显示 FTPSEND - 副本 (2)\周经理绘图\Debug\link.1596.write.1.tlog
F:\MFC学习\最终完成、\10.142读写成功且能显示 FTPSEND - 副本 (2)\周经理绘图\Debug\link.1596-cvtres.read.1.tlog
F:\MFC学习\最终完成、\10.142读写成功且能显示 FTPSEND - 副本 (2)\周经理绘图\Debug\link.1596-cvtres.write.1.tlog
F:\MFC学习\最终完成、\10.142读写成功且能显示 FTPSEND - 副本 (2)\周经理绘图\Debug\link.1716.read.1.tlog
F:\MFC学习\最终完成、\10.142读写成功且能显示 FTPSEND - 副本 (2)\周经理绘图\Debug\link.1716.write.1.tlog
F:\MFC学习\最终完成、\10.142读写成功且能显示 FTPSEND - 副本 (2)\周经理绘图\Debug\link.1716-cvtres.read.1.tlog
F:\MFC学习\最终完成、\10.142读写成功且能显示 FTPSEND - 副本 (2)\周经理绘图\Debug\link.1716-cvtres.write.1.tlog
F:\MFC学习\最终完成、\10.142读写成功且能显示 FTPSEND - 副本 (2)\周经理绘图\Debug\link.2664.read.1.tlog
F:\MFC学习\最终完成、\10.142读写成功且能显示 FTPSEND - 副本 (2)\周经理绘图\Debug\link.2664.write.1.tlog
F:\MFC学习\最终完成、\10.142读写成功且能显示 FTPSEND - 副本 (2)\周经理绘图\Debug\link.2664-cvtres.read.1.tlog
F:\MFC学习\最终完成、\10.142读写成功且能显示 FTPSEND - 副本 (2)\周经理绘图\Debug\link.2664-cvtres.write.1.tlog
F:\MFC学习\最终完成、\10.142读写成功且能显示 FTPSEND - 副本 (2)\周经理绘图\Debug\link.2924.read.1.tlog
F:\MFC学习\最终完成、\10.142读写成功且能显示 FTPSEND - 副本 (2)\周经理绘图\Debug\link.2924.write.1.tlog
F:\MFC学习\最终完成、\10.142读写成功且能显示 FTPSEND - 副本 (2)\周经理绘图\Debug\link.2924-cvtres.read.1.tlog
F:\MFC学习\最终完成、\10.142读写成功且能显示 FTPSEND - 副本 (2)\周经理绘图\Debug\link.2924-cvtres.write.1.tlog
F:\MFC学习\最终完成、\10.142读写成功且能显示 FTPSEND - 副本 (2)\周经理绘图\Debug\link.3604.read.1.tlog
F:\MFC学习\最终完成、\10.142读写成功且能显示 FTPSEND - 副本 (2)\周经理绘图\Debug\link.3604.write.1.tlog
F:\MFC学习\最终完成、\10.142读写成功且能显示 FTPSEND - 副本 (2)\周经理绘图\Debug\link.3604-cvtres.read.1.tlog
F:\MFC学习\最终完成、\10.142读写成功且能显示 FTPSEND - 副本 (2)\周经理绘图\Debug\link.3604-cvtres.write.1.tlog
F:\MFC学习\最终完成、\10.142读写成功且能显示 FTPSEND - 副本 (2)\周经理绘图\Debug\link.5532.read.1.tlog
F:\MFC学习\最终完成、\10.142读写成功且能显示 FTPSEND - 副本 (2)\周经理绘图\Debug\link.5532.write.1.tlog
F:\MFC学习\最终完成、\10.142读写成功且能显示 FTPSEND - 副本 (2)\周经理绘图\Debug\link.5532-cvtres.read.1.tlog
F:\MFC学习\最终完成、\10.142读写成功且能显示 FTPSEND - 副本 (2)\周经理绘图\Debug\link.5532-cvtres.write.1.tlog
F:\MFC学习\最终完成、\10.142读写成功且能显示 FTPSEND - 副本 (2)\周经理绘图\Debug\link.5588.read.1.tlog
F:\MFC学习\最终完成、\10.142读写成功且能显示 FTPSEND - 副本 (2)\周经理绘图\Debug\link.5588.write.1.tlog
F:\MFC学习\最终完成、\10.142读写成功且能显示 FTPSEND - 副本 (2)\周经理绘图\Debug\link.5588-cvtres.read.1.tlog
F:\MFC学习\最终完成、\10.142读写成功且能显示 FTPSEND - 副本 (2)\周经理绘图\Debug\link.5588-cvtres.write.1.tlog
F:\MFC学习\最终完成、\10.142读写成功且能显示 FTPSEND - 副本 (2)\周经理绘图\Debug\link.5732.read.1.tlog
F:\MFC学习\最终完成、\10.142读写成功且能显示 FTPSEND - 副本 (2)\周经理绘图\Debug\link.5732.write.1.tlog
F:\MFC学习\最终完成、\10.142读写成功且能显示 FTPSEND - 副本 (2)\周经理绘图\Debug\link.5732-cvtres.read.1.tlog
F:\MFC学习\最终完成、\10.142读写成功且能显示 FTPSEND - 副本 (2)\周经理绘图\Debug\link.5732-cvtres.write.1.tlog
F:\MFC学习\最终完成、\10.142读写成功且能显示 FTPSEND - 副本 (2)\周经理绘图\Debug\link.5796.read.1.tlog
F:\MFC学习\最终完成、\10.142读写成功且能显示 FTPSEND - 副本 (2)\周经理绘图\Debug\link.5796.write.1.tlog
F:\MFC学习\最终完成、\10.142读写成功且能显示 FTPSEND - 副本 (2)\周经理绘图\Debug\link.5796-cvtres.read.1.tlog
F:\MFC学习\最终完成、\10.142读写成功且能显示 FTPSEND - 副本 (2)\周经理绘图\Debug\link.5796-cvtres.write.1.tlog
F:\MFC学习\最终完成、\10.142读写成功且能显示 FTPSEND - 副本 (2)\周经理绘图\Debug\link.5832.read.1.tlog
F:\MFC学习\最终完成、\10.142读写成功且能显示 FTPSEND - 副本 (2)\周经理绘图\Debug\link.5832.write.1.tlog
F:\MFC学习\最终完成、\10.142读写成功且能显示 FTPSEND - 副本 (2)\周经理绘图\Debug\link.5832-cvtres.read.1.tlog
F:\MFC学习\最终完成、\10.142读写成功且能显示 FTPSEND - 副本 (2)\周经理绘图\Debug\link.5832-cvtres.write.1.tlog
F:\MFC学习\最终完成、\10.142读写成功且能显示 FTPSEND - 副本 (2)\周经理绘图\Debug\link.6612.read.1.tlog
F:\MFC学习\最终完成、\10.142读写成功且能显示 FTPSEND - 副本 (2)\周经理绘图\Debug\link.6612.write.1.tlog
F:\MFC学习\最终完成、\10.142读写成功且能显示 FTPSEND - 副本 (2)\周经理绘图\Debug\link.6612-cvtres.read.1.tlog
F:\MFC学习\最终完成、\10.142读写成功且能显示 FTPSEND - 副本 (2)\周经理绘图\Debug\link.6612-cvtres.write.1.tlog
F:\MFC学习\最终完成、\10.142读写成功且能显示 FTPSEND - 副本 (2)\周经理绘图\Debug\link.7144.read.1.tlog
F:\MFC学习\最终完成、\10.142读写成功且能显示 FTPSEND - 副本 (2)\周经理绘图\Debug\link.7144.write.1.tlog
F:\MFC学习\最终完成、\10.142读写成功且能显示 FTPSEND - 副本 (2)\周经理绘图\Debug\link.7144-cvtres.read.1.tlog
F:\MFC学习\最终完成、\10.142读写成功且能显示 FTPSEND - 副本 (2)\周经理绘图\Debug\link.7144-cvtres.write.1.tlog
F:\MFC学习\最终完成、\10.142读写成功且能显示 FTPSEND - 副本 (2)\周经理绘图\Debug\link.7852.read.1.tlog
F:\MFC学习\最终完成、\10.142读写成功且能显示 FTPSEND - 副本 (2)\周经理绘图\Debug\link.7852.write.1.tlog
F:\MFC学习\最终完成、\10.142读写成功且能显示 FTPSEND - 副本 (2)\周经理绘图\Debug\link.7852-cvtres.read.1.tlog
F:\MFC学习\最终完成、\10.142读写成功且能显示 FTPSEND - 副本 (2)\周经理绘图\Debug\link.7852-cvtres.write.1.tlog
F:\MFC学习\最终完成、\10.142读写成功且能显示 FTPSEND - 副本 (2)\周经理绘图\Debug\link.8036.read.1.tlog
F:\MFC学习\最终完成、\10.142读写成功且能显示 FTPSEND - 副本 (2)\周经理绘图\Debug\link.8036.write.1.tlog
F:\MFC学习\最终完成、\10.142读写成功且能显示 FTPSEND - 副本 (2)\周经理绘图\Debug\link.8036-cvtres.read.1.tlog
F:\MFC学习\最终完成、\10.142读写成功且能显示 FTPSEND - 副本 (2)\周经理绘图\Debug\link.8036-cvtres.write.1.tlog
F:\MFC学习\最终完成、\10.142读写成功且能显示 FTPSEND - 副本 (2)\周经理绘图\Debug\link.command.1.tlog
F:\MFC学习\最终完成、\10.142读写成功且能显示 FTPSEND - 副本 (2)\周经理绘图\Debug\link.read.1.tlog
F:\MFC学习\最终完成、\10.142读写成功且能显示 FTPSEND - 副本 (2)\周经理绘图\Debug\link.write.1.tlog
F:\MFC学习\最终完成、\10.142读写成功且能显示 FTPSEND - 副本 (2)\周经理绘图\Debug\link-cvtres.read.1.tlog
F:\MFC学习\最终完成、\10.142读写成功且能显示 FTPSEND - 副本 (2)\周经理绘图\Debug\link-cvtres.write.1.tlog
F:\MFC学习\最终完成、\10.142读写成功且能显示 FTPSEND - 副本 (2)\周经理绘图\Debug\mt.command.1.tlog
F:\MFC学习\最终完成、\10.142读写成功且能显示 FTPSEND - 副本 (2)\周经理绘图\Debug\mt.read.1.tlog
F:\MFC学习\最终完成、\10.142读写成功且能显示 FTPSEND - 副本 (2)\周经理绘图\Debug\mt.write.1.tlog
F:\MFC学习\最终完成、\10.142读写成功且能显示 FTPSEND - 副本 (2)\周经理绘图\Debug\rc.command.1.tlog
F:\MFC学习\最终完成、\10.142读写成功且能显示 FTPSEND - 副本 (2)\周经理绘图\Debug\rc.read.1.tlog
F:\MFC学习\最终完成、\10.142读写成功且能显示 FTPSEND - 副本 (2)\周经理绘图\Debug\rc.write.1.tlog
F:\MFC学习\最终完成、\10.142读写成功且能显示 FTPSEND - 副本 (2)\周经理绘图\DEBUG\READLISTCLASS.OBJ
F:\MFC学习\最终完成、\10.142读写成功且能显示 FTPSEND - 副本 (2)\周经理绘图\DEBUG\SETDLG.OBJ
F:\MFC学习\最终完成、\10.142读写成功且能显示 FTPSEND - 副本 (2)\周经理绘图\DEBUG\STDAFX.OBJ
F:\MFC学习\最终完成、\10.142读写成功且能显示 FTPSEND - 副本 (2)\周经理绘图\Debug\vc100.idb
F:\MFC学习\最终完成、\10.142读写成功且能显示 FTPSEND - 副本 (2)\周经理绘图\DEBUG\VC100.PDB
F:\MFC学习\最终完成、\10.142读写成功且能显示 FTPSEND - 副本 (2)\周经理绘图\Debug\周经理绘图.exe.embed.manifest
F:\MFC学习\最终完成、\10.142读写成功且能显示 FTPSEND - 副本 (2)\周经理绘图\DEBUG\周经理绘图.EXE.EMBED.MANIFEST.RES
F:\MFC学习\最终完成、\10.142读写成功且能显示 FTPSEND - 副本 (2)\周经理绘图\DEBUG\周经理绘图.EXE.INTERMEDIATE.MANIFEST
F:\MFC学习\最终完成、\10.142读写成功且能显示 FTPSEND - 副本 (2)\周经理绘图\DEBUG\周经理绘图.OBJ
F:\MFC学习\最终完成、\10.142读写成功且能显示 FTPSEND - 副本 (2)\周经理绘图\DEBUG\周经理绘图.PCH
F:\MFC学习\最终完成、\10.142读写成功且能显示 FTPSEND - 副本 (2)\周经理绘图\DEBUG\周经理绘图.RES
F:\MFC学习\最终完成、\10.142读写成功且能显示 FTPSEND - 副本 (2)\周经理绘图\Debug\周经理绘图_manifest.rc
F:\MFC学习\最终完成、\10.142读写成功且能显示 FTPSEND - 副本 (2)\周经理绘图\DEBUG\周经理绘图DLG.OBJ
