生成启动时间为 2018/9/2 19:19:08。
     1>项目“C:\Users\liuhong\Desktop\刘红找工作看视频\我的项目\周经理绘图最终完成\MYDRAW\周经理绘图\周经理绘图.vcxproj”在节点 2 上(build 个目标)。
     1>InitializeBuildStatus:
         正在创建“Debug\MYDRAW.unsuccessfulbuild”，因为已指定“AlwaysCreate”。
       ClCompile:
         所有输出均为最新。
         所有输出均为最新。
       ResourceCompile:
         C:\Program Files (x86)\Microsoft SDKs\Windows\v7.0A\bin\rc.exe /D _DEBUG /D _UNICODE /D UNICODE /D _AFXDLL /l"0x0804" /IDebug\ /nologo /fo"Debug\mydrawLH.res" mydrawLH.rc 
       ManifestResourceCompile:
         所有输出均为最新。
       Link:
         d:\INSTALL\VS2010\VC\bin\link.exe /ERRORREPORT:PROMPT /OUT:"C:\Users\liuhong\Desktop\刘红找工作看视频\我的项目\周经理绘图最终完成\MYDRAW\Debug\MYDRAW.exe" /INCREMENTAL /NOLOGO /MANIFEST /ManifestFile:"Debug\MYDRAW.exe.intermediate.manifest" /MANIFESTUAC:"level='asInvoker' uiAccess='false'" /DEBUG /PDB:"C:\Users\liuhong\Desktop\刘红找工作看视频\我的项目\周经理绘图最终完成\MYDRAW\Debug\MYDRAW.pdb" /SUBSYSTEM:WINDOWS /TLBID:1 /ENTRY:"wWinMainCRTStartup" /DYNAMICBASE /NXCOMPAT /IMPLIB:"C:\Users\liuhong\Desktop\刘红找工作看视频\我的项目\周经理绘图最终完成\MYDRAW\Debug\MYDRAW.lib" /MACHINE:X86 Debug\mydrawLH.res
         Debug\MYDRAW.exe.embed.manifest.res
         Debug\Drawlist.obj
         Debug\readlistclass.obj
         Debug\SetDlg.obj
         Debug\stdafx.obj
         Debug\mydrawLH.obj
         Debug\mydrawLHDlg.obj
       Manifest:
         C:\Program Files (x86)\Microsoft SDKs\Windows\v7.0A\bin\mt.exe /nologo /verbose /out:"Debug\MYDRAW.exe.embed.manifest" /manifest Debug\MYDRAW.exe.intermediate.manifest d:\INSTALL\VS2010\VC\Include\Manifest\dpiaware.manifest
         所有输出均为最新。
       LinkEmbedManifest:
         所有输出均为最新。
         周经理绘图.vcxproj -> C:\Users\liuhong\Desktop\刘红找工作看视频\我的项目\周经理绘图最终完成\MYDRAW\Debug\MYDRAW.exe
       FinalizeBuildStatus:
         正在删除文件“Debug\MYDRAW.unsuccessfulbuild”。
         正在对“Debug\MYDRAW.lastbuildstate”执行 Touch 任务。
     1>已完成生成项目“C:\Users\liuhong\Desktop\刘红找工作看视频\我的项目\周经理绘图最终完成\MYDRAW\周经理绘图\周经理绘图.vcxproj”(build 个目标)的操作。

生成成功。

已用时间 00:00:01.32
